<?xml version="1.0" encoding="UTF-8"?>
<!-- Generated by org.testng.reporters.JUnitXMLReporter -->
<testsuite ignored="0" hostname="BHUKRK353714L" failures="1" tests="1" name="MavenProject1" time="11.566" errors="0" timestamp="2024-04-24T10:27:24 IST">
  <testcase classname="TestSwagLabs_MavenProject.MavenProject1.Maven_Project_SauceLabs" name="test" time="11.397">
    <failure type="java.lang.AssertionError" message="The following asserts failed:
	expected [Swag Labs] but found [demoLabs]">
      <![CDATA[java.lang.AssertionError: The following asserts failed:
expected [Swag Labs] but found [demoLabs]
at TestSwagLabs_MavenProject.MavenProject1.Maven_Project_SauceLabs.test(Maven_Project_SauceLabs.java:33)
at java.base/java.util.ArrayList.forEach(ArrayList.java:1511)
... Removed 29 stack frames]]>
    </failure>
  </testcase> <!-- test -->
</testsuite> <!-- MavenProject1 -->
